2020-10-21 00:02:39,180:INFO:PyCaret Classification Module
2020-10-21 00:02:39,180:INFO:version 2.1.2
2020-10-21 00:02:39,180:INFO:Initializing setup()
2020-10-21 00:02:39,180:INFO:USI: a17c
2020-10-21 00:02:39,181:INFO:setup(data=(45529, 102), target=voted, train_size=0.7, sampling=True, sample_estimator=None, categorical_features=None, categorical_imputation=constant, ordinal_features=None,
                    high_cardinality_features=None, high_cardinality_method=frequency, numeric_features=None, numeric_imputation=mean, date_features=None, ignore_features=None, normalize=False,
                    normalize_method=zscore, transformation=False, transformation_method=yeo-johnson, handle_unknown_categorical=True, unknown_categorical_method=least_frequent, pca=False, pca_method=linear,
                    pca_components=None, ignore_low_variance=False, combine_rare_levels=False, rare_level_threshold=0.1, bin_numeric_features=None, remove_outliers=False, outliers_threshold=0.05,
                    remove_multicollinearity=False, multicollinearity_threshold=0.9, remove_perfect_collinearity=False, create_clusters=False, cluster_iter=20,
                    polynomial_features=False, polynomial_degree=2, trigonometry_features=False, polynomial_threshold=0.1, group_features=None,
                    group_names=None, feature_selection=False, feature_selection_threshold=0.8, feature_interaction=False, feature_ratio=False, interaction_threshold=0.01,
                    fix_imbalance=False, fix_imbalance_method=None, data_split_shuffle=True, folds_shuffle=False, n_jobs=-1, html=True, session_id=None, log_experiment=False,
                    experiment_name=None, log_plots=False, log_profile=False, log_data=False, silent=False, verbose=True, profile=False)
2020-10-21 00:02:39,181:INFO:Checking environment
2020-10-21 00:02:39,181:INFO:python_version: 3.8.3
2020-10-21 00:02:39,181:INFO:python_build: ('default', 'Jul  2 2020 17:30:36')
2020-10-21 00:02:39,181:INFO:machine: AMD64
2020-10-21 00:02:39,182:INFO:platform: Windows-10-10.0.19041-SP0
2020-10-21 00:02:39,214:INFO:Memory: svmem(total=8441442304, available=1766051840, percent=79.1, used=6675390464, free=1766051840)
2020-10-21 00:02:39,214:INFO:Physical Core: 2
2020-10-21 00:02:39,214:INFO:Logical Core: 4
2020-10-21 00:02:39,214:INFO:Checking libraries
2020-10-21 00:02:39,214:INFO:pd==1.0.5
2020-10-21 00:02:39,214:INFO:numpy==1.18.5
2020-10-21 00:02:39,358:INFO:sklearn==0.23.1
2020-10-21 00:02:40,641:INFO:xgboost==1.2.1
2020-10-21 00:02:40,684:INFO:lightgbm==3.0.0
2020-10-21 00:02:40,918:INFO:catboost==0.24.2
2020-10-21 00:02:43,124:INFO:mlflow==1.11.0
2020-10-21 00:02:43,125:INFO:Checking Exceptions
2020-10-21 00:02:43,125:INFO:Preloading libraries
2020-10-21 00:02:43,125:INFO:Preparing display monitor
2020-10-21 00:02:43,147:INFO:Importing libraries
2020-10-21 00:02:45,384:INFO:Declaring global variables
2020-10-21 00:02:45,384:INFO:Copying data for preprocessing
2020-10-21 00:02:45,423:INFO:Declaring preprocessing parameters
2020-10-21 00:02:45,424:INFO:Importing preprocessing module
2020-10-21 00:02:47,026:INFO:Creating preprocessing pipeline
2020-10-21 00:07:23,818:INFO:PyCaret Classification Module
2020-10-21 00:07:23,819:INFO:version 2.1.2
2020-10-21 00:07:23,819:INFO:Initializing setup()
2020-10-21 00:07:23,819:INFO:USI: e7cf
2020-10-21 00:07:23,819:INFO:setup(data=(45529, 102), target=voted, train_size=0.7, sampling=True, sample_estimator=None, categorical_features=None, categorical_imputation=constant, ordinal_features=None,
                    high_cardinality_features=None, high_cardinality_method=frequency, numeric_features=None, numeric_imputation=mean, date_features=None, ignore_features=None, normalize=False,
                    normalize_method=zscore, transformation=False, transformation_method=yeo-johnson, handle_unknown_categorical=True, unknown_categorical_method=least_frequent, pca=False, pca_method=linear,
                    pca_components=None, ignore_low_variance=False, combine_rare_levels=False, rare_level_threshold=0.1, bin_numeric_features=None, remove_outliers=False, outliers_threshold=0.05,
                    remove_multicollinearity=False, multicollinearity_threshold=0.9, remove_perfect_collinearity=False, create_clusters=False, cluster_iter=20,
                    polynomial_features=False, polynomial_degree=2, trigonometry_features=False, polynomial_threshold=0.1, group_features=None,
                    group_names=None, feature_selection=False, feature_selection_threshold=0.8, feature_interaction=False, feature_ratio=False, interaction_threshold=0.01,
                    fix_imbalance=False, fix_imbalance_method=None, data_split_shuffle=True, folds_shuffle=False, n_jobs=-1, html=True, session_id=None, log_experiment=False,
                    experiment_name=None, log_plots=False, log_profile=False, log_data=False, silent=False, verbose=True, profile=False)
2020-10-21 00:07:23,820:INFO:Checking environment
2020-10-21 00:07:23,820:INFO:python_version: 3.8.3
2020-10-21 00:07:23,820:INFO:python_build: ('default', 'Jul  2 2020 17:30:36')
2020-10-21 00:07:23,820:INFO:machine: AMD64
2020-10-21 00:07:23,820:INFO:platform: Windows-10-10.0.19041-SP0
2020-10-21 00:07:23,821:INFO:Memory: svmem(total=8441442304, available=1588436992, percent=81.2, used=6853005312, free=1588436992)
2020-10-21 00:07:23,821:INFO:Physical Core: 2
2020-10-21 00:07:23,821:INFO:Logical Core: 4
2020-10-21 00:07:23,821:INFO:Checking libraries
2020-10-21 00:07:23,821:INFO:pd==1.0.5
2020-10-21 00:07:23,822:INFO:numpy==1.18.5
2020-10-21 00:07:23,822:INFO:sklearn==0.23.1
2020-10-21 00:07:23,822:INFO:xgboost==1.2.1
2020-10-21 00:07:23,822:INFO:lightgbm==3.0.0
2020-10-21 00:07:23,822:INFO:catboost==0.24.2
2020-10-21 00:07:23,822:INFO:mlflow==1.11.0
2020-10-21 00:07:23,822:INFO:Checking Exceptions
2020-10-21 00:07:23,823:INFO:Preloading libraries
2020-10-21 00:07:23,823:INFO:Preparing display monitor
2020-10-21 00:07:23,848:INFO:Importing libraries
2020-10-21 00:07:23,865:INFO:Declaring global variables
2020-10-21 00:07:23,865:INFO:Copying data for preprocessing
2020-10-21 00:07:23,940:INFO:Declaring preprocessing parameters
2020-10-21 00:07:23,940:INFO:Importing preprocessing module
2020-10-21 00:07:23,940:INFO:Creating preprocessing pipeline
2020-10-21 00:07:41,938:INFO:Preprocessing pipeline created successfully
2020-10-21 00:07:41,938:INFO:Creating grid variables
2020-10-21 00:07:41,956:INFO:Creating global containers
2020-10-21 00:07:41,980:INFO:Sampling dataset
2020-10-21 00:08:43,916:INFO:create_model_container 0
2020-10-21 00:08:43,916:INFO:master_model_container 0
2020-10-21 00:08:43,917:INFO:display_container 0
2020-10-21 00:08:43,925:INFO:Pipeline(memory=None,
         steps=[('dtypes',
                 DataTypes_Auto_infer(categorical_features=[],
                                      display_types=True, features_todrop=[],
                                      ml_usecase='classification',
                                      numerical_features=[], target='voted',
                                      time_features=[])),
                ('imputer',
                 Simple_Imputer(categorical_strategy='not_available',
                                numeric_strategy='mean',
                                target_variable=None)),
                ('new_levels1',
                 New_Catagorical_Leve...
                ('group', Empty()), ('nonliner', Empty()), ('scaling', Empty()),
                ('P_transform', Empty()), ('pt_target', Empty()),
                ('binn', Empty()), ('rem_outliers', Empty()),
                ('cluster_all', Empty()), ('dummy', Dummify(target='voted')),
                ('fix_perfect', Empty()), ('clean_names', Clean_Colum_Names()),
                ('feature_select', Empty()), ('fix_multi', Empty()),
                ('dfs', Empty()), ('pca', Empty())],
         verbose=False)
2020-10-21 00:08:43,925:INFO:setup() succesfully completed......................................
